2025-12-30 23:03:02.087  INFO 49546 --- [           main] com.nexus.chat.NexusChatApplication      : Starting NexusChatApplication using Java 17.0.14 with PID 49546 (/Users/anglv/Nexus Chat/nexus-chat-backend/target/classes started by anglv in /Users/anglv/Nexus Chat/nexus-chat-backend)
2025-12-30 23:03:02.087 DEBUG 49546 --- [           main] com.nexus.chat.NexusChatApplication      : Running with Spring Boot v3.2.0, Spring v6.1.1
2025-12-30 23:03:02.087  INFO 49546 --- [           main] com.nexus.chat.NexusChatApplication      : No active profile set, falling back to 1 default profile: "default"
2025-12-30 23:03:03.610 DEBUG 49546 --- [           main] com.nexus.chat.config.SecurityConfig     : 初始化 BCrypt 密码编码器
2025-12-30 23:03:03.697 DEBUG 49546 --- [           main] com.nexus.chat.config.WebSocketConfig    : 配置 WebSocket 入站通道拦截器
2025-12-30 23:03:03.700  INFO 49546 --- [           main] com.nexus.chat.config.WebSocketConfig    : 配置 WebSocket 消息代理: /topic, /queue
2025-12-30 23:03:03.891  INFO 49546 --- [           main] com.nexus.chat.config.SecurityConfig     : 配置 Spring Security 过滤链
2025-12-30 23:03:03.891  INFO 49546 --- [           main] com.nexus.chat.config.SecurityConfig     : 配置 CORS 策略
2025-12-30 23:03:03.905  INFO 49546 --- [           main] com.nexus.chat.config.WebSocketConfig    : 注册 WebSocket STOMP 端点: /ws
2025-12-30 23:03:03.963  INFO 49546 --- [           main] com.nexus.chat.config.SecurityConfig     : Spring Security 配置完成
2025-12-30 23:03:04.120  INFO 49546 --- [           main] com.nexus.chat.NexusChatApplication      : Started NexusChatApplication in 2.21 seconds (process running for 2.457)
2025-12-30 23:03:11.742 DEBUG 49546 --- [nio-8080-exec-8] c.nexus.chat.controller.ChatController   : 获取用户聊天列表: userId=5
2025-12-30 23:03:11.817  INFO 49546 --- [io-8080-exec-10] c.n.c.c.WebSocketAuthChannelInterceptor  : WebSocket 用户连接: userId=5
2025-12-30 23:03:55.177 DEBUG 49546 --- [nio-8080-exec-9] c.nexus.chat.controller.ChatController   : 获取用户聊天列表: userId=5
2025-12-30 23:04:03.816 DEBUG 49546 --- [nio-8080-exec-7] c.nexus.chat.controller.ChatController   : 获取用户聊天列表: userId=5
2025-12-30 23:09:56.084 DEBUG 49546 --- [nio-8080-exec-8] c.nexus.chat.controller.ChatController   : 获取用户聊天列表: userId=5
2025-12-30 23:11:36.368 DEBUG 49546 --- [nio-8080-exec-4] c.nexus.chat.controller.ChatController   : 获取用户聊天列表: userId=5
2025-12-30 23:14:37.389 DEBUG 49546 --- [nio-8080-exec-3] c.nexus.chat.controller.ChatController   : 获取用户聊天列表: userId=5
2025-12-30 23:14:45.012 DEBUG 49546 --- [nio-8080-exec-7] c.nexus.chat.controller.ChatController   : 获取用户聊天列表: userId=5
2025-12-30 23:14:45.057  INFO 49546 --- [nio-8080-exec-4] c.n.c.c.WebSocketAuthChannelInterceptor  : WebSocket 用户连接: userId=5
2025-12-30 23:14:57.074 DEBUG 49546 --- [nio-8080-exec-1] c.nexus.chat.controller.ChatController   : 获取用户聊天列表: userId=5
2025-12-30 23:53:26.581 DEBUG 49546 --- [nio-8080-exec-3] c.nexus.chat.controller.ChatController   : 获取用户聊天列表: userId=5
2025-12-30 23:53:26.608  INFO 49546 --- [nio-8080-exec-4] c.n.c.c.WebSocketAuthChannelInterceptor  : WebSocket 用户连接: userId=5
2025-12-30 23:53:36.911 DEBUG 49546 --- [nio-8080-exec-1] c.nexus.chat.controller.ChatController   : 获取用户聊天列表: userId=5
2025-12-30 23:53:38.745  INFO 49546 --- [nio-8080-exec-7] c.nexus.chat.controller.AuthController   : 用户登出请求: userId=5
2025-12-30 23:53:38.776 DEBUG 49546 --- [nio-8080-exec-4] c.nexus.chat.controller.ChatController   : 获取用户聊天列表: userId=5
2025-12-30 23:53:38.781  INFO 49546 --- [nio-8080-exec-7] c.nexus.chat.controller.AuthController   : 用户登出成功: userId=5
2025-12-30 23:54:03.061  INFO 49546 --- [nio-8080-exec-5] c.nexus.chat.controller.AuthController   : 用户登录请求: usernameOrEmail=464394562@qq.com
2025-12-30 23:54:03.172  INFO 49546 --- [nio-8080-exec-5] c.nexus.chat.controller.AuthController   : 用户登录成功: userId=6, username=mml02
2025-12-30 23:54:03.199 DEBUG 49546 --- [nio-8080-exec-4] c.nexus.chat.controller.ChatController   : 获取用户聊天列表: userId=6
